#
# A fatal error has been detected by the Java Runtime Environment:
#
#  Internal Error (0xc0000029), pid=4004, tid=8616
#
# JRE version: 7.0_07-b11
# Java VM: Java HotSpot(TM) Client VM (23.3-b01 mixed mode windows-x86 )
# Problematic frame:
# C  [ntdll.dll+0x90892]  RtlUlonglongByteSwap+0x133f2
#
# Failed to write core dump. Minidumps are not enabled by default on client versions of Windows
#
# If you would like to submit a bug report, please visit:
#   http://bugreport.sun.com/bugreport/crash.jsp
# The crash happened outside the Java Virtual Machine in native code.
# See problematic frame for where to report the bug.
#

---------------  T H R E A D  ---------------

Current thread (0x045b1c00):  JavaThread "AWT-EventQueue-0" [_thread_in_native, id=8616, stack(0x09fc0000,0x0a010000)]

siginfo: ExceptionCode=0xc0000029

Registers:
EAX=0x0a00e3a4, EBX=0x0a00f1b4, ECX=0x0a00e3fc, EDX=0x0a00e338
ESP=0x0a00e348, EBP=0x0a00e6d0, ESI=0x0a00e6f0, EDI=0x00000001
EIP=0x77090892, EFLAGS=0x00000246

Top of Stack: (sp=0x0a00e348)
0x0a00e348:   045962a8 045b1d28 0a00e5ec 00000000
0x0a00e358:   0a00e440 0a00e41c 56b0c6e5 045d5078
0x0a00e368:   56b0c712 045b1c00 1f662040 0a00e448
0x0a00e378:   0a00e41c 02440454 024329c8 00000000
0x0a00e388:   0a00e440 0a00e41c 0a00e41c 02440454
0x0a00e398:   024329c8 00000000 0a00e440 c0000029
0x0a00e3a8:   00000001 0a00e6f0 77090892 00000000
0x0a00e3b8:   0a00e448 024c1327 0f1c73c8 024329c8 

Instructions: (pc=0x77090892)
0x77090872:   d4 fc ff ff 50 c7 85 d4 fc ff ff 29 00 00 c0 89
0x77090882:   bd d8 fc ff ff 89 b5 dc fc ff ff e8 b6 af fc ff
0x77090892:   e9 18 af fc ff 48 48 74 2e 83 a5 e4 fc ff ff 00
0x770908a2:   8d 85 d4 fc ff ff 50 c7 85 d4 fc ff ff 26 00 00 


Register to memory mapping:

EAX=0x0a00e3a4 is pointing into the stack for thread: 0x045b1c00
EBX=0x0a00f1b4 is pointing into the stack for thread: 0x045b1c00
ECX=0x0a00e3fc is pointing into the stack for thread: 0x045b1c00
EDX=0x0a00e338 is pointing into the stack for thread: 0x045b1c00
ESP=0x0a00e348 is pointing into the stack for thread: 0x045b1c00
EBP=0x0a00e6d0 is pointing into the stack for thread: 0x045b1c00
ESI=0x0a00e6f0 is pointing into the stack for thread: 0x045b1c00
EDI=0x00000001 is an unknown value


Stack: [0x09fc0000,0x0a010000],  sp=0x0a00e348,  free space=312k
Native frames: (J=compiled Java code, j=interpreted, Vv=VM code, C=native code)
C  [ntdll.dll+0x90892]  RtlUlonglongByteSwap+0x133f2

Java frames: (J=compiled Java code, j=interpreted, Vv=VM code)
j  sun.font.T2KFontScaler.getGlyphAdvanceNative(Lsun/font/Font2D;JJI)F+0
j  sun.font.T2KFontScaler.getGlyphAdvance(JI)F+26
j  sun.font.FileFont.getGlyphAdvance(JI)F+6
j  sun.font.FileFontStrike.getGlyphAdvance(IZ)F+288
j  sun.font.FileFontStrike.getGlyphAdvance(I)F+3
j  sun.font.FileFontStrike.getCodePointAdvance(I)F+9
J  sun.font.FontDesignMetrics.stringWidth(Ljava/lang/String;)I
j  Game$4.draw(Ljava/awt/Graphics2D;)V+42
J  Game.paintComponent(Ljava/awt/Graphics;)V
j  javax.swing.JComponent.paint(Ljava/awt/Graphics;)V+286
j  javax.swing.JComponent.paintToOffscreen(Ljava/awt/Graphics;IIIIII)V+41
j  javax.swing.RepaintManager$PaintManager.paintDoubleBuffered(Ljavax/swing/JComponent;Ljava/awt/Image;Ljava/awt/Graphics;IIII)V+105
j  javax.swing.RepaintManager$PaintManager.paint(Ljavax/swing/JComponent;Ljavax/swing/JComponent;Ljava/awt/Graphics;IIII)Z+116
j  javax.swing.RepaintManager.paint(Ljavax/swing/JComponent;Ljavax/swing/JComponent;Ljava/awt/Graphics;IIII)V+52
j  javax.swing.JComponent._paintImmediately(IIII)V+683
j  javax.swing.JComponent.paintImmediately(IIII)V+138
j  javax.swing.RepaintManager.paintDirtyRegions(Ljava/util/Map;)V+182
j  javax.swing.RepaintManager.paintDirtyRegions()V+46
j  javax.swing.RepaintManager.prePaintDirtyRegions()V+73
j  javax.swing.RepaintManager.access$700(Ljavax/swing/RepaintManager;)V+1
j  javax.swing.RepaintManager$ProcessingRunnable.run()V+37
j  java.awt.event.InvocationEvent.dispatch()V+47
j  java.awt.EventQueue.dispatchEventImpl(Ljava/awt/AWTEvent;Ljava/lang/Object;)V+21
j  java.awt.EventQueue.access$200(Ljava/awt/EventQueue;Ljava/awt/AWTEvent;Ljava/lang/Object;)V+3
j  java.awt.EventQueue$3.run()Ljava/lang/Void;+12
j  java.awt.EventQueue$3.run()Ljava/lang/Object;+1
v  ~StubRoutines::call_stub
j  java.security.AccessController.doPrivileged(Ljava/security/PrivilegedAction;Ljava/security/AccessControlContext;)Ljava/lang/Object;+0
j  java.security.ProtectionDomain$1.doIntersectionPrivilege(Ljava/security/PrivilegedAction;Ljava/security/AccessControlContext;Ljava/security/AccessControlContext;)Ljava/lang/Object;+28
j  java.awt.EventQueue.dispatchEvent(Ljava/awt/AWTEvent;)V+46
j  java.awt.EventDispatchThread.pumpOneEventForFilters(I)V+245
j  java.awt.EventDispatchThread.pumpEventsForFilter(ILjava/awt/Conditional;Ljava/awt/EventFilter;)V+48
j  java.awt.EventDispatchThread.pumpEventsForHierarchy(ILjava/awt/Conditional;Ljava/awt/Component;)V+11
j  java.awt.EventDispatchThread.pumpEvents(ILjava/awt/Conditional;)V+4
j  java.awt.EventDispatchThread.pumpEvents(Ljava/awt/Conditional;)V+3
j  java.awt.EventDispatchThread.run()V+9
v  ~StubRoutines::call_stub

---------------  P R O C E S S  ---------------

Java Threads: ( => current thread )
  0x045b2400 JavaThread "Java Sound Event Dispatcher" daemon [_thread_blocked, id=3928, stack(0x09cb0000,0x09d00000)]
  0x045b2800 JavaThread "DestroyJavaVM" [_thread_blocked, id=10500, stack(0x00c50000,0x00ca0000)]
=>0x045b1c00 JavaThread "AWT-EventQueue-0" [_thread_in_native, id=8616, stack(0x09fc0000,0x0a010000)]
  0x045b1800 JavaThread "AWT-Shutdown" [_thread_blocked, id=4948, stack(0x0a200000,0x0a250000)]
  0x045b1000 JavaThread "pool-1-thread-100" [_thread_blocked, id=9668, stack(0x09f40000,0x09f90000)]
  0x045b0c00 JavaThread "pool-1-thread-99" [_thread_blocked, id=11400, stack(0x0a050000,0x0a0a0000)]
  0x045b0400 JavaThread "pool-1-thread-98" [_thread_blocked, id=6480, stack(0x09e90000,0x09ee0000)]
  0x045afc00 JavaThread "pool-1-thread-97" [_thread_blocked, id=13528, stack(0x09c40000,0x09c90000)]
  0x045af800 JavaThread "pool-1-thread-96" [_thread_blocked, id=6628, stack(0x09df0000,0x09e40000)]
  0x045af000 JavaThread "pool-1-thread-95" [_thread_blocked, id=12244, stack(0x09bf0000,0x09c40000)]
  0x045aec00 JavaThread "pool-1-thread-94" [_thread_blocked, id=12180, stack(0x09a20000,0x09a70000)]
  0x045ae400 JavaThread "pool-1-thread-93" [_thread_blocked, id=8780, stack(0x09ba0000,0x09bf0000)]
  0x045ae000 JavaThread "pool-1-thread-92" [_thread_blocked, id=12000, stack(0x09770000,0x097c0000)]
  0x045ad800 JavaThread "pool-1-thread-91" [_thread_blocked, id=8788, stack(0x09a70000,0x09ac0000)]
  0x045ad000 JavaThread "pool-1-thread-90" [_thread_blocked, id=8936, stack(0x09970000,0x099c0000)]
  0x05ec9c00 JavaThread "pool-1-thread-88" [_thread_blocked, id=10276, stack(0x09900000,0x09950000)]
  0x05ec9800 JavaThread "pool-1-thread-89" [_thread_blocked, id=3952, stack(0x09560000,0x095b0000)]
  0x05ec9000 JavaThread "pool-1-thread-87" [_thread_blocked, id=12504, stack(0x09800000,0x09850000)]
  0x05ec8c00 JavaThread "pool-1-thread-86" [_thread_blocked, id=8120, stack(0x09470000,0x094c0000)]
  0x05ec8400 JavaThread "pool-1-thread-85" [_thread_blocked, id=4928, stack(0x096d0000,0x09720000)]
  0x05ec8000 JavaThread "pool-1-thread-84" [_thread_blocked, id=10580, stack(0x095d0000,0x09620000)]
  0x05ec7800 JavaThread "pool-1-thread-83" [_thread_blocked, id=10776, stack(0x09510000,0x09560000)]
  0x05ec7000 JavaThread "pool-1-thread-82" [_thread_blocked, id=6120, stack(0x092d0000,0x09320000)]
  0x05ec6c00 JavaThread "pool-1-thread-81" [_thread_blocked, id=11392, stack(0x09380000,0x093d0000)]
  0x05ec6400 JavaThread "pool-1-thread-80" [_thread_blocked, id=9792, stack(0x09210000,0x09260000)]
  0x05ec6000 JavaThread "pool-1-thread-74" [_thread_blocked, id=4804, stack(0x08bb0000,0x08c00000)]
  0x05ec5800 JavaThread "pool-1-thread-75" [_thread_blocked, id=11336, stack(0x091b0000,0x09200000)]
  0x05ec5400 JavaThread "pool-1-thread-79" [_thread_blocked, id=12844, stack(0x08e40000,0x08e90000)]
  0x05ec4c00 JavaThread "pool-1-thread-78" [_thread_blocked, id=12904, stack(0x08cd0000,0x08d20000)]
  0x05ec4400 JavaThread "pool-1-thread-77" [_thread_blocked, id=5876, stack(0x08d40000,0x08d90000)]
  0x05ec4000 JavaThread "pool-1-thread-76" [_thread_blocked, id=4044, stack(0x08c70000,0x08cc0000)]
  0x05ec3800 JavaThread "pool-1-thread-73" [_thread_blocked, id=9240, stack(0x08dc0000,0x08e10000)]
  0x05ec3400 JavaThread "pool-1-thread-72" [_thread_blocked, id=7464, stack(0x07ee0000,0x07f30000)]
  0x05ec2c00 JavaThread "pool-1-thread-71" [_thread_blocked, id=12980, stack(0x08840000,0x08890000)]
  0x05ec2800 JavaThread "pool-1-thread-70" [_thread_blocked, id=6684, stack(0x08b40000,0x08b90000)]
  0x05eaa400 JavaThread "pool-1-thread-69" [_thread_blocked, id=10796, stack(0x08c00000,0x08c50000)]
  0x05ea9c00 JavaThread "pool-1-thread-68" [_thread_blocked, id=9944, stack(0x08990000,0x089e0000)]
  0x05ea9800 JavaThread "pool-1-thread-67" [_thread_blocked, id=7288, stack(0x08940000,0x08990000)]
  0x05ea9000 JavaThread "pool-1-thread-66" [_thread_blocked, id=11520, stack(0x088d0000,0x08920000)]
  0x05ea8c00 JavaThread "pool-1-thread-65" [_thread_blocked, id=9284, stack(0x08750000,0x087a0000)]
  0x05ea8400 JavaThread "pool-1-thread-64" [_thread_blocked, id=3028, stack(0x087d0000,0x08820000)]
  0x05ea7c00 JavaThread "pool-1-thread-63" [_thread_blocked, id=11952, stack(0x08700000,0x08750000)]
  0x05ea7800 JavaThread "pool-1-thread-61" [_thread_blocked, id=10428, stack(0x08570000,0x085c0000)]
  0x05ea7000 JavaThread "pool-1-thread-62" [_thread_blocked, id=13276, stack(0x085d0000,0x08620000)]
  0x05ea6c00 JavaThread "pool-1-thread-60" [_thread_blocked, id=8756, stack(0x07fc0000,0x08010000)]
  0x05ea6400 JavaThread "pool-1-thread-59" [_thread_blocked, id=10360, stack(0x084b0000,0x08500000)]
  0x05ea6000 JavaThread "pool-1-thread-58" [_thread_blocked, id=3460, stack(0x08380000,0x083d0000)]
  0x05ea5800 JavaThread "pool-1-thread-57" [_thread_blocked, id=11500, stack(0x08040000,0x08090000)]
  0x05ea5000 JavaThread "pool-1-thread-56" [_thread_blocked, id=4796, stack(0x08200000,0x08250000)]
  0x05ea4c00 JavaThread "pool-1-thread-55" [_thread_blocked, id=7316, stack(0x07e90000,0x07ee0000)]
  0x05ea4400 JavaThread "pool-1-thread-54" [_thread_blocked, id=9108, stack(0x08110000,0x08160000)]
  0x05ea4000 JavaThread "pool-1-thread-53" [_thread_blocked, id=13928, stack(0x080a0000,0x080f0000)]
  0x05ea3800 JavaThread "pool-1-thread-52" [_thread_blocked, id=1320, stack(0x07d20000,0x07d70000)]
  0x05ea3400 JavaThread "pool-1-thread-51" [_thread_blocked, id=10072, stack(0x07de0000,0x07e30000)]
  0x05ea2c00 JavaThread "pool-1-thread-49" [_thread_blocked, id=400, stack(0x07c70000,0x07cc0000)]
  0x045e4400 JavaThread "pool-1-thread-50" [_thread_blocked, id=9480, stack(0x07810000,0x07860000)]
  0x045e3c00 JavaThread "pool-1-thread-48" [_thread_blocked, id=5564, stack(0x07c20000,0x07c70000)]
  0x045e3800 JavaThread "pool-1-thread-47" [_thread_blocked, id=8692, stack(0x07cc0000,0x07d10000)]
  0x045e3000 JavaThread "pool-1-thread-46" [_thread_blocked, id=5524, stack(0x07a30000,0x07a80000)]
  0x045e2c00 JavaThread "pool-1-thread-45" [_thread_in_native, id=8732, stack(0x07b80000,0x07bd0000)]
  0x045e2400 JavaThread "pool-1-thread-44" [_thread_blocked, id=11192, stack(0x07aa0000,0x07af0000)]
  0x045e2000 JavaThread "pool-1-thread-43" [_thread_blocked, id=9760, stack(0x07890000,0x078e0000)]
  0x045e1800 JavaThread "pool-1-thread-41" [_thread_blocked, id=10640, stack(0x07940000,0x07990000)]
  0x045e1000 JavaThread "pool-1-thread-42" [_thread_blocked, id=11000, stack(0x074d0000,0x07520000)]
  0x045e0c00 JavaThread "pool-1-thread-40" [_thread_blocked, id=8572, stack(0x07770000,0x077c0000)]
  0x045e0400 JavaThread "pool-1-thread-39" [_thread_blocked, id=7128, stack(0x077c0000,0x07810000)]
  0x045e0000 JavaThread "pool-1-thread-38" [_thread_blocked, id=9780, stack(0x076c0000,0x07710000)]
  0x045df800 JavaThread "pool-1-thread-36" [_thread_blocked, id=10512, stack(0x075a0000,0x075f0000)]
  0x045df400 JavaThread "pool-1-thread-37" [_thread_blocked, id=13812, stack(0x07520000,0x07570000)]
  0x045dec00 JavaThread "pool-1-thread-35" [_thread_blocked, id=8668, stack(0x07360000,0x073b0000)]
  0x045de400 JavaThread "pool-1-thread-34" [_thread_blocked, id=7840, stack(0x073c0000,0x07410000)]
  0x045de000 JavaThread "pool-1-thread-33" [_thread_blocked, id=5640, stack(0x07300000,0x07350000)]
  0x045dd800 JavaThread "pool-1-thread-32" [_thread_blocked, id=11964, stack(0x07150000,0x071a0000)]
  0x045dd400 JavaThread "pool-1-thread-31" [_thread_blocked, id=12196, stack(0x06dd0000,0x06e20000)]
  0x045dcc00 JavaThread "pool-1-thread-30" [_thread_blocked, id=12952, stack(0x06fd0000,0x07020000)]
  0x05e49000 JavaThread "pool-1-thread-29" [_thread_blocked, id=13896, stack(0x06e80000,0x06ed0000)]
  0x05e48800 JavaThread "pool-1-thread-28" [_thread_blocked, id=9900, stack(0x06a80000,0x06ad0000)]
  0x05e48400 JavaThread "pool-1-thread-27" [_thread_blocked, id=11780, stack(0x06d80000,0x06dd0000)]
  0x05e47c00 JavaThread "pool-1-thread-26" [_thread_blocked, id=11272, stack(0x06a30000,0x06a80000)]
  0x05e47400 JavaThread "pool-1-thread-25" [_thread_blocked, id=7020, stack(0x06e20000,0x06e70000)]
  0x05e47000 JavaThread "pool-1-thread-24" [_thread_blocked, id=6980, stack(0x06c90000,0x06ce0000)]
  0x05e46800 JavaThread "pool-1-thread-23" [_thread_blocked, id=8180, stack(0x06910000,0x06960000)]
  0x05e46400 JavaThread "pool-1-thread-22" [_thread_blocked, id=14152, stack(0x06b70000,0x06bc0000)]
  0x05e45c00 JavaThread "pool-1-thread-21" [_thread_blocked, id=14168, stack(0x05a10000,0x05a60000)]
  0x05e45800 JavaThread "pool-1-thread-20" [_thread_blocked, id=13544, stack(0x06ae0000,0x06b30000)]
  0x05e45000 JavaThread "pool-1-thread-19" [_thread_blocked, id=13708, stack(0x069e0000,0x06a30000)]
  0x05e44c00 JavaThread "pool-1-thread-18" [_thread_blocked, id=7272, stack(0x06990000,0x069e0000)]
  0x05e44400 JavaThread "pool-1-thread-17" [_thread_blocked, id=12304, stack(0x066a0000,0x066f0000)]
  0x05e43c00 JavaThread "pool-1-thread-16" [_thread_blocked, id=10412, stack(0x067c0000,0x06810000)]
  0x05e43800 JavaThread "pool-1-thread-15" [_thread_blocked, id=3308, stack(0x06740000,0x06790000)]
  0x05e43000 JavaThread "pool-1-thread-14" [_thread_blocked, id=6180, stack(0x065a0000,0x065f0000)]
  0x05e42c00 JavaThread "pool-1-thread-13" [_thread_blocked, id=6768, stack(0x05ca0000,0x05cf0000)]
  0x05e42400 JavaThread "pool-1-thread-12" [_thread_blocked, id=10120, stack(0x063d0000,0x06420000)]
  0x05e42000 JavaThread "pool-1-thread-11" [_thread_blocked, id=10552, stack(0x064b0000,0x06500000)]
  0x05e41800 JavaThread "pool-1-thread-10" [_thread_blocked, id=10012, stack(0x05d10000,0x05d60000)]
  0x05e41000 JavaThread "pool-1-thread-9" [_thread_blocked, id=11424, stack(0x05aa0000,0x05af0000)]
  0x0462f800 JavaThread "pool-1-thread-8" [_thread_blocked, id=9740, stack(0x06610000,0x06660000)]
  0x0462f400 JavaThread "pool-1-thread-7" [_thread_blocked, id=13784, stack(0x06330000,0x06380000)]
  0x0462ec00 JavaThread "pool-1-thread-6" [_thread_blocked, id=11712, stack(0x062e0000,0x06330000)]
  0x0462e800 JavaThread "pool-1-thread-5" [_thread_blocked, id=11792, stack(0x05710000,0x05760000)]
  0x0462b000 JavaThread "pool-1-thread-4" [_thread_blocked, id=11120, stack(0x06250000,0x062a0000)]
  0x0462a000 JavaThread "pool-1-thread-3" [_thread_blocked, id=13016, stack(0x05960000,0x059b0000)]
  0x04620c00 JavaThread "pool-1-thread-2" [_thread_blocked, id=12440, stack(0x05900000,0x05950000)]
  0x05e30800 JavaThread "pool-1-thread-1" [_thread_blocked, id=12164, stack(0x05790000,0x057e0000)]
  0x04570c00 JavaThread "Java2D Disposer" daemon [_thread_blocked, id=5856, stack(0x04c00000,0x04c50000)]
  0x044a4c00 JavaThread "Service Thread" daemon [_thread_blocked, id=12868, stack(0x04990000,0x049e0000)]
  0x04499c00 JavaThread "C1 CompilerThread0" daemon [_thread_blocked, id=11760, stack(0x04850000,0x048a0000)]
  0x04498c00 JavaThread "Attach Listener" daemon [_thread_blocked, id=9412, stack(0x047d0000,0x04820000)]
  0x04495800 JavaThread "Signal Dispatcher" daemon [_thread_blocked, id=12316, stack(0x04940000,0x04990000)]
  0x0443f400 JavaThread "Finalizer" daemon [_thread_blocked, id=13356, stack(0x048c0000,0x04910000)]
  0x0443a800 JavaThread "Reference Handler" daemon [_thread_blocked, id=6176, stack(0x00e80000,0x00ed0000)]

Other Threads:
  0x04433c00 VMThread [stack: 0x04680000,0x046d0000] [id=1016]
  0x044bf000 WatcherThread [stack: 0x00b60000,0x00bb0000] [id=3792]

VM state:not at safepoint (normal execution)

VM Mutex/Monitor currently owned by a thread: None

Heap
 def new generation   total 4928K, used 3285K [0x0f010000, 0x0f560000, 0x14560000)
  eden space 4416K,  72% used [0x0f010000, 0x0f32f780, 0x0f460000)
  from space 512K,  17% used [0x0f460000, 0x0f475d68, 0x0f4e0000)
  to   space 512K,   0% used [0x0f4e0000, 0x0f4e0000, 0x0f560000)
 tenured generation   total 10944K, used 4889K [0x14560000, 0x15010000, 0x1f010000)
   the space 10944K,  44% used [0x14560000, 0x14a26460, 0x14a26600, 0x15010000)
 compacting perm gen  total 12288K, used 6572K [0x1f010000, 0x1fc10000, 0x23010000)
   the space 12288K,  53% used [0x1f010000, 0x1f67b160, 0x1f67b200, 0x1fc10000)
No shared spaces configured.

Card table byte_map: [0x00da0000,0x00e50000] byte_map_base: 0x00d27f80

Polling page: 0x001b0000

Code Cache  [0x02430000, 0x025b8000, 0x04430000)
 total_blobs=1001 nmethods=749 adapters=186 free_code_cache=31220Kb largest_free_block=31969344

Compilation events (10 events):
Event: 25.246 Thread 0x04499c00  741             java.lang.String::toUpperCase (439 bytes)
Event: 25.248 Thread 0x04499c00 nmethod 741 0x025adb48 code [0x025add50, 0x025ae550]
Event: 25.248 Thread 0x04499c00  742             java.lang.Character::toUpperCaseEx (30 bytes)
Event: 25.248 Thread 0x04499c00 nmethod 742 0x025aefc8 code [0x025af0d0, 0x025af178]
Event: 25.248 Thread 0x04499c00  743             java.lang.CharacterDataLatin1::toUpperCaseEx (71 bytes)
Event: 25.248 Thread 0x04499c00 nmethod 743 0x025af208 code [0x025af300, 0x025af400]
Event: 25.466 Thread 0x04499c00  744             java.util.LinkedList$ListItr::checkForComodification (23 bytes)
Event: 25.466 Thread 0x04499c00 nmethod 744 0x025afa48 code [0x025afb50, 0x025afc4c]
Event: 25.473 Thread 0x04499c00  745             sun.java2d.SunGraphics2D::getFontMetrics (29 bytes)
Event: 25.474 Thread 0x04499c00 nmethod 745 0x025afd08 code [0x025afe10, 0x025afef8]

GC Heap History (10 events):
Event: 19.351 GC heap before
{Heap before GC invocations=3 (full 0):
 def new generation   total 4928K, used 4720K [0x0f010000, 0x0f560000, 0x14560000)
  eden space 4416K,  99% used [0x0f010000, 0x0f45f338, 0x0f460000)
  from space 512K,  60% used [0x0f4e0000, 0x0f52cea8, 0x0f560000)
  to   space 512K,   0% used [0x0f460000, 0x0f460000, 0x0f4e0000)
 tenured generation   total 10944K, used 4591K [0x14560000, 0x15010000, 0x1f010000)
   the space 10944K,  41% used [0x14560000, 0x149dbf80, 0x149dc000, 0x15010000)
 compacting perm gen  total 12288K, used 6340K [0x1f010000, 0x1fc10000, 0x23010000)
   the space 12288K,  51% used [0x1f010000, 0x1f6412f8, 0x1f641400, 0x1fc10000)
No shared spaces configured.
Event: 19.359 GC heap after
Heap after GC invocations=4 (full 0):
 def new generation   total 4928K, used 50K [0x0f010000, 0x0f560000, 0x14560000)
  eden space 4416K,   0% used [0x0f010000, 0x0f010000, 0x0f460000)
  from space 512K,   9% used [0x0f460000, 0x0f46c8a8, 0x0f4e0000)
  to   space 512K,   0% used [0x0f4e0000, 0x0f4e0000, 0x0f560000)
 tenured generation   total 10944K, used 4889K [0x14560000, 0x15010000, 0x1f010000)
   the space 10944K,  44% used [0x14560000, 0x14a26460, 0x14a26600, 0x15010000)
 compacting perm gen  total 12288K, used 6340K [0x1f010000, 0x1fc10000, 0x23010000)
   the space 12288K,  51% used [0x1f010000, 0x1f6412f8, 0x1f641400, 0x1fc10000)
No shared spaces configured.
}
Event: 20.581 GC heap before
{Heap before GC invocations=4 (full 0):
 def new generation   total 4928K, used 4466K [0x0f010000, 0x0f560000, 0x14560000)
  eden space 4416K, 100% used [0x0f010000, 0x0f460000, 0x0f460000)
  from space 512K,   9% used [0x0f460000, 0x0f46c8a8, 0x0f4e0000)
  to   space 512K,   0% used [0x0f4e0000, 0x0f4e0000, 0x0f560000)
 tenured generation   total 10944K, used 4889K [0x14560000, 0x15010000, 0x1f010000)
   the space 10944K,  44% used [0x14560000, 0x14a26460, 0x14a26600, 0x15010000)
 compacting perm gen  total 12288K, used 6340K [0x1f010000, 0x1fc10000, 0x23010000)
   the space 12288K,  51% used [0x1f010000, 0x1f6413a8, 0x1f641400, 0x1fc10000)
No shared spaces configured.
Event: 20.583 GC heap after
Heap after GC invocations=5 (full 0):
 def new generation   total 4928K, used 60K [0x0f010000, 0x0f560000, 0x14560000)
  eden space 4416K,   0% used [0x0f010000, 0x0f010000, 0x0f460000)
  from space 512K,  11% used [0x0f4e0000, 0x0f4ef398, 0x0f560000)
  to   space 512K,   0% used [0x0f460000, 0x0f460000, 0x0f4e0000)
 tenured generation   total 10944K, used 4889K [0x14560000, 0x15010000, 0x1f010000)
   the space 10944K,  44% used [0x14560000, 0x14a26460, 0x14a26600, 0x15010000)
 compacting perm gen  total 12288K, used 6340K [0x1f010000, 0x1fc10000, 0x23010000)
   the space 12288K,  51% used [0x1f010000, 0x1f6413a8, 0x1f641400, 0x1fc10000)
No shared spaces configured.
}
Event: 21.954 GC heap before
{Heap before GC invocations=5 (full 0):
 def new generation   total 4928K, used 4476K [0x0f010000, 0x0f560000, 0x14560000)
  eden space 4416K, 100% used [0x0f010000, 0x0f460000, 0x0f460000)
  from space 512K,  11% used [0x0f4e0000, 0x0f4ef398, 0x0f560000)
  to   space 512K,   0% used [0x0f460000, 0x0f460000, 0x0f4e0000)
 tenured generation   total 10944K, used 4889K [0x14560000, 0x15010000, 0x1f010000)
   the space 10944K,  44% used [0x14560000, 0x14a26460, 0x14a26600, 0x15010000)
 compacting perm gen  total 12288K, used 6341K [0x1f010000, 0x1fc10000, 0x23010000)
   the space 12288K,  51% used [0x1f010000, 0x1f641488, 0x1f641600, 0x1fc10000)
No shared spaces configured.
Event: 21.960 GC heap after
Heap after GC invocations=6 (full 0):
 def new generation   total 4928K, used 68K [0x0f010000, 0x0f560000, 0x14560000)
  eden space 4416K,   0% used [0x0f010000, 0x0f010000, 0x0f460000)
  from space 512K,  13% used [0x0f460000, 0x0f471130, 0x0f4e0000)
  to   space 512K,   0% used [0x0f4e0000, 0x0f4e0000, 0x0f560000)
 tenured generation   total 10944K, used 4889K [0x14560000, 0x15010000, 0x1f010000)
   the space 10944K,  44% used [0x14560000, 0x14a26460, 0x14a26600, 0x15010000)
 compacting perm gen  total 12288K, used 6341K [0x1f010000, 0x1fc10000, 0x23010000)
   the space 12288K,  51% used [0x1f010000, 0x1f641488, 0x1f641600, 0x1fc10000)
No shared spaces configured.
}
Event: 23.569 GC heap before
{Heap before GC invocations=6 (full 0):
 def new generation   total 4928K, used 4502K [0x0f010000, 0x0f560000, 0x14560000)
  eden space 4416K, 100% used [0x0f010000, 0x0f460000, 0x0f460000)
  from space 512K,  16% used [0x0f460000, 0x0f475ba0, 0x0f4e0000)
  to   space 512K,   0% used [0x0f4e0000, 0x0f4e0000, 0x0f560000)
 tenured generation   total 10944K, used 4889K [0x14560000, 0x15010000, 0x1f010000)
   the space 10944K,  44% used [0x14560000, 0x14a26460, 0x14a26600, 0x15010000)
 compacting perm gen  total 12288K, used 6341K [0x1f010000, 0x1fc10000, 0x23010000)
   the space 12288K,  51% used [0x1f010000, 0x1f6414a8, 0x1f641600, 0x1fc10000)
No shared spaces configured.
Event: 23.571 GC heap after
Heap after GC invocations=7 (full 0):
 def new generation   total 4928K, used 63K [0x0f010000, 0x0f560000, 0x14560000)
  eden space 4416K,   0% used [0x0f010000, 0x0f010000, 0x0f460000)
  from space 512K,  12% used [0x0f4e0000, 0x0f4efec8, 0x0f560000)
  to   space 512K,   0% used [0x0f460000, 0x0f460000, 0x0f4e0000)
 tenured generation   total 10944K, used 4889K [0x14560000, 0x15010000, 0x1f010000)
   the space 10944K,  44% used [0x14560000, 0x14a26460, 0x14a26600, 0x15010000)
 compacting perm gen  total 12288K, used 6341K [0x1f010000, 0x1fc10000, 0x23010000)
   the space 12288K,  51% used [0x1f010000, 0x1f6414a8, 0x1f641600, 0x1fc10000)
No shared spaces configured.
}
Event: 24.861 GC heap before
{Heap before GC invocations=7 (full 0):
 def new generation   total 4928K, used 4481K [0x0f010000, 0x0f560000, 0x14560000)
  eden space 4416K, 100% used [0x0f010000, 0x0f460000, 0x0f460000)
  from space 512K,  12% used [0x0f4e0000, 0x0f4f0468, 0x0f560000)
  to   space 512K,   0% used [0x0f460000, 0x0f460000, 0x0f4e0000)
 tenured generation   total 10944K, used 4889K [0x14560000, 0x15010000, 0x1f010000)
   the space 10944K,  44% used [0x14560000, 0x14a26460, 0x14a26600, 0x15010000)
 compacting perm gen  total 12288K, used 6344K [0x1f010000, 0x1fc10000, 0x23010000)
   the space 12288K,  51% used [0x1f010000, 0x1f6423a8, 0x1f642400, 0x1fc10000)
No shared spaces configured.
Event: 24.865 GC heap after
Heap after GC invocations=8 (full 0):
 def new generation   total 4928K, used 87K [0x0f010000, 0x0f560000, 0x14560000)
  eden space 4416K,   0% used [0x0f010000, 0x0f010000, 0x0f460000)
  from space 512K,  17% used [0x0f460000, 0x0f475d68, 0x0f4e0000)
  to   space 512K,   0% used [0x0f4e0000, 0x0f4e0000, 0x0f560000)
 tenured generation   total 10944K, used 4889K [0x14560000, 0x15010000, 0x1f010000)
   the space 10944K,  44% used [0x14560000, 0x14a26460, 0x14a26600, 0x15010000)
 compacting perm gen  total 12288K, used 6344K [0x1f010000, 0x1fc10000, 0x23010000)
   the space 12288K,  51% used [0x1f010000, 0x1f6423a8, 0x1f642400, 0x1fc10000)
No shared spaces configured.
}

Deoptimization events (0 events):
No events

Internal exceptions (10 events):
Event: 25.230 Thread 0x045e2c00 Threw 0x0f126970 at C:\jdk7u1_32P\jdk7u7\hotspot\src\share\vm\prims\jvm.cpp:1166
Event: 25.231 Thread 0x045e2c00 Threw 0x0f127e88 at C:\jdk7u1_32P\jdk7u7\hotspot\src\share\vm\prims\jvm.cpp:1166
Event: 25.274 Thread 0x05ea9c00 Threw 0x0f158668 at C:\jdk7u1_32P\jdk7u7\hotspot\src\share\vm\prims\jni.cpp:742
Event: 25.274 Thread 0x045de000 Threw 0x0f0441b0 at C:\jdk7u1_32P\jdk7u7\hotspot\src\share\vm\prims\jni.cpp:742
Event: 25.274 Thread 0x0462f800 Threw 0x0f163720 at C:\jdk7u1_32P\jdk7u7\hotspot\src\share\vm\prims\jni.cpp:742
Event: 25.274 Thread 0x05eaa400 Threw 0x0f167268 at C:\jdk7u1_32P\jdk7u7\hotspot\src\share\vm\prims\jni.cpp:742
Event: 25.275 Thread 0x05ec2800 Threw 0x0f172320 at C:\jdk7u1_32P\jdk7u7\hotspot\src\share\vm\prims\jni.cpp:742
Event: 25.280 Thread 0x045af000 Threw 0x0f17d3d8 at C:\jdk7u1_32P\jdk7u7\hotspot\src\share\vm\prims\jni.cpp:742
Event: 25.484 Thread 0x045b1c00 Threw 0x0f1c21c8 at C:\jdk7u1_32P\jdk7u7\hotspot\src\share\vm\prims\jni.cpp:716
Event: 25.486 Thread 0x045b1c00 Threw 0x0f1c66f8 at C:\jdk7u1_32P\jdk7u7\hotspot\src\share\vm\prims\jni.cpp:716

Events (10 events):
Event: 25.466 loading class 0x05faac28 done
Event: 25.466 Thread 0x045b2400 Thread added: 0x045b2400
Event: 25.467 loading class 0x05f442e0
Event: 25.467 loading class 0x05f442e0 done
Event: 25.486 loading class 0x04586b20
Event: 25.486 loading class 0x04586b20 done
Event: 25.524 Executing VM operation: RevokeBias
Event: 25.532 Executing VM operation: RevokeBias done
Event: 25.533 loading class 0x04597658
Event: 25.534 loading class 0x04597658 done


Dynamic libraries:
0x01000000 - 0x0102f000 	C:\Windows\SysWOW64\java.exe
0x77000000 - 0x77180000 	C:\Windows\SysWOW64\ntdll.dll
0x75930000 - 0x75a40000 	C:\Windows\syswow64\kernel32.dll
0x75f10000 - 0x75f57000 	C:\Windows\syswow64\KERNELBASE.dll
0x76340000 - 0x763e0000 	C:\Windows\syswow64\ADVAPI32.dll
0x76180000 - 0x7622c000 	C:\Windows\syswow64\msvcrt.dll
0x75820000 - 0x75839000 	C:\Windows\SysWOW64\sechost.dll
0x765c0000 - 0x766b0000 	C:\Windows\syswow64\RPCRT4.dll
0x74a20000 - 0x74a80000 	C:\Windows\syswow64\SspiCli.dll
0x74a10000 - 0x74a1c000 	C:\Windows\syswow64\CRYPTBASE.dll
0x74aa0000 - 0x74ba0000 	C:\Windows\syswow64\USER32.dll
0x76b50000 - 0x76be0000 	C:\Windows\syswow64\GDI32.dll
0x76be0000 - 0x76bea000 	C:\Windows\syswow64\LPK.dll
0x76230000 - 0x762cd000 	C:\Windows\syswow64\USP10.dll
0x6e2e0000 - 0x6e47e000 	C:\Windows\WinSxS\x86_microsoft.windows.common-controls_6595b64144ccf1df_6.0.7601.17514_none_41e6975e2bd6f2b2\COMCTL32.dll
0x75e20000 - 0x75e77000 	C:\Windows\syswow64\SHLWAPI.dll
0x758c0000 - 0x75920000 	C:\Windows\system32\IMM32.DLL
0x75bb0000 - 0x75c7c000 	C:\Windows\syswow64\MSCTF.dll
0x721d0000 - 0x721fc000 	C:\Windows\SysWOW64\nvinit.dll
0x0f000000 - 0x0f006000 	C:\Program Files (x86)\NVIDIA Corporation\CoProcManager\detoured.dll
0x6dd30000 - 0x6dd5b000 	C:\Program Files (x86)\NVIDIA Corporation\CoProcManager\nvd3d9wrap.dll
0x75c80000 - 0x75e1d000 	C:\Windows\syswow64\SETUPAPI.dll
0x75a50000 - 0x75a77000 	C:\Windows\syswow64\CFGMGR32.dll
0x76950000 - 0x769df000 	C:\Windows\syswow64\OLEAUT32.dll
0x766d0000 - 0x7682c000 	C:\Windows\syswow64\ole32.dll
0x74a80000 - 0x74a92000 	C:\Windows\syswow64\DEVOBJ.dll
0x6db80000 - 0x6db9f000 	C:\Program Files (x86)\NVIDIA Corporation\CoProcManager\nvdxgiwrap.dll
0x68ff0000 - 0x690ae000 	C:\Program Files (x86)\Java\jre7\bin\msvcr100.dll
0x56a80000 - 0x56dcc000 	C:\Program Files (x86)\Java\jre7\bin\client\jvm.dll
0x71f60000 - 0x71f67000 	C:\Windows\SysWOW64\WSOCK32.dll
0x769e0000 - 0x76a15000 	C:\Windows\syswow64\WS2_32.dll
0x766c0000 - 0x766c6000 	C:\Windows\syswow64\NSI.dll
0x71ec0000 - 0x71ef2000 	C:\Windows\SysWOW64\WINMM.dll
0x766b0000 - 0x766b5000 	C:\Windows\syswow64\PSAPI.DLL
0x6db40000 - 0x6db4c000 	C:\Program Files (x86)\Java\jre7\bin\verify.dll
0x6d770000 - 0x6d790000 	C:\Program Files (x86)\Java\jre7\bin\java.dll
0x6c910000 - 0x6c923000 	C:\Program Files (x86)\Java\jre7\bin\zip.dll
0x58540000 - 0x58682000 	C:\Program Files (x86)\Java\jre7\bin\awt.dll
0x6c750000 - 0x6c763000 	C:\Windows\system32\DWMAPI.DLL
0x6e010000 - 0x6e090000 	C:\Windows\system32\uxtheme.dll
0x6c8b0000 - 0x6c8da000 	C:\Program Files (x86)\Java\jre7\bin\fontmanager.dll
0x6c8f0000 - 0x6c904000 	C:\Program Files (x86)\Java\jre7\bin\net.dll
0x72190000 - 0x721cc000 	C:\Windows\system32\mswsock.dll
0x6cb00000 - 0x6cb06000 	C:\Windows\System32\wship6.dll
0x6c8e0000 - 0x6c8ef000 	C:\Program Files (x86)\Java\jre7\bin\nio.dll
0x6f210000 - 0x6f226000 	C:\Windows\SysWOW64\CRYPTSP.dll
0x6f1d0000 - 0x6f20b000 	C:\Windows\system32\rsaenh.dll
0x6f190000 - 0x6f1a7000 	C:\Windows\SysWOW64\USERENV.dll
0x6f180000 - 0x6f18b000 	C:\Windows\SysWOW64\profapi.dll
0x71f50000 - 0x71f60000 	C:\Windows\system32\NLAapi.dll
0x71eb0000 - 0x71ec0000 	C:\Windows\system32\napinsp.dll
0x71e90000 - 0x71ea2000 	C:\Windows\system32\pnrpnsp.dll
0x71e40000 - 0x71e84000 	C:\Windows\SysWOW64\DNSAPI.dll
0x71ca0000 - 0x71ca8000 	C:\Windows\System32\winrnr.dll
0x71c90000 - 0x71c9d000 	C:\Windows\system32\wshbth.dll
0x720b0000 - 0x720b5000 	C:\Windows\System32\wshtcpip.dll
0x6e510000 - 0x6e52c000 	C:\Windows\SysWOW64\IPHLPAPI.DLL
0x6e500000 - 0x6e507000 	C:\Windows\SysWOW64\WINNSI.DLL
0x71c80000 - 0x71c86000 	C:\Windows\SysWOW64\rasadhlp.dll
0x6cac0000 - 0x6caf8000 	C:\Windows\System32\fwpuclnt.dll
0x74bd0000 - 0x7581a000 	C:\Windows\syswow64\SHELL32.dll
0x63960000 - 0x63996000 	C:\Program Files\Lenovo\Bluetooth Software\SysWOW64\BtMmHook.dll
0x75e80000 - 0x75f03000 	C:\Windows\syswow64\CLBCatQ.DLL
0x6c6c0000 - 0x6c6f1000 	C:\Program Files (x86)\Java\jre7\bin\t2k.dll
0x6c710000 - 0x6c734000 	C:\Program Files (x86)\Java\jre7\bin\dcpr.dll
0x6d760000 - 0x6d76a000 	C:\Program Files (x86)\Java\jre7\bin\jsound.dll
0x6c890000 - 0x6c899000 	C:\Program Files (x86)\Java\jre7\bin\jsoundds.dll
0x690f0000 - 0x69162000 	C:\Windows\SysWOW64\DSOUND.dll
0x6bdd0000 - 0x6bdf5000 	C:\Windows\SysWOW64\POWRPROF.dll
0x60360000 - 0x60399000 	C:\Windows\SysWOW64\MMDevAPI.DLL
0x6da00000 - 0x6daf5000 	C:\Windows\SysWOW64\PROPSYS.dll
0x6be00000 - 0x6be30000 	C:\Windows\SysWOW64\wdmaud.drv
0x73660000 - 0x73664000 	C:\Windows\SysWOW64\ksuser.dll
0x6e000000 - 0x6e007000 	C:\Windows\SysWOW64\AVRT.dll
0x603a0000 - 0x603d6000 	C:\Windows\SysWOW64\AUDIOSES.DLL
0x6c8a0000 - 0x6c8a8000 	C:\Windows\SysWOW64\msacm32.drv
0x6c670000 - 0x6c684000 	C:\Windows\SysWOW64\MSACM32.dll
0x6c780000 - 0x6c787000 	C:\Windows\SysWOW64\midimap.dll
0x6de20000 - 0x6df0b000 	C:\Windows\SysWOW64\dbghelp.dll

VM Arguments:
java_command: ClientGame
Launcher Type: SUN_STANDARD

Environment Variables:
JAVA_HOME=C:\Program Files (x86)\Java\jdk1.7.0_07
PATH=C:\usr\local\wbin;C:\android-sdk\platform-tools;C:\Program Files (x86)\NVIDIA Corporation\PhysX\Common;C:\miktex\miktex\bin;C:\Program Files (x86)\PHP\;C:\Program Files\Broadcom\Broadcom 802.11 Network Adapter\Driver;;C:\Program Files (x86)\Intel\iCLS Client\;C:\Program Files\Intel\iCLS Client\;C:\Windows\system32;C:\Windows;C:\Windows\System32\Wbem;C:\Windows\System32\WindowsPowerShell\v1.0\;C:\Program Files\Intel\Intel(R) Management Engine Components\DAL;C:\Program Files\Intel\Intel(R) Management Engine Components\IPT;C:\Program Files (x86)\Intel\Intel(R) Management Engine Components\DAL;C:\Program Files (x86)\Intel\Intel(R) Management Engine Components\IPT;C:\Program Files (x86)\Intel\OpenCL SDK\2.0\bin\x86;C:\Program Files (x86)\Intel\OpenCL SDK\2.0\bin\x64;C:\Program Files\Lenovo\Bluetooth Software\;C:\Program Files\Lenovo\Bluetooth Software\syswow64;c:\Program Files (x86)\Microsoft SQL Server\100\Tools\Binn\;c:\Program Files\Microsoft SQL Server\100\Tools\Binn\;c:\Program Files\Microsoft SQL Server\100\DTS\Binn\;C:\Program Files (x86)\Java\jdk1.7.0_07\bin;C:\Program Files (x86)\MySQL\MySQL Server 5.0\bin;C:\Dev-Cpp\bin;C:\Users\pc2_2\apache-maven-3.0.4\bin;C:\Program Files\Microsoft Network Monitor 3\;C:\Program Files (x86)\Java\jre6\bin;C:\Program Files\Microsoft\Web Platform Installer\;C:\Program Files (x86)\Microsoft ASP.NET\ASP.NET Web Pages\v1.0\;C:\Program Files (x86)\Windows Kits\8.0\Windows Performance Toolkit\;C:\Program Files\Microsoft SQL Server\110\Tools\Binn\
USERNAME=rico
OS=Windows_NT
PROCESSOR_IDENTIFIER=Intel64 Family 6 Model 58 Stepping 9, GenuineIntel



---------------  S Y S T E M  ---------------

OS: Windows 7 , 64 bit Build 7601 Service Pack 1

CPU:total 4 (2 cores per cpu, 2 threads per core) family 6 model 58 stepping 9, cmov, cx8, fxsr, mmx, sse, sse2, sse3, ssse3, sse4.1, sse4.2, popcnt, avx, ht, tsc, tscinvbit, tscinv

Memory: 4k page, physical 4054408k(1853460k free), swap 8106952k(3968740k free)

vm_info: Java HotSpot(TM) Client VM (23.3-b01) for windows-x86 JRE (1.7.0_07-b11), built on Sep  7 2012 01:40:56 by "java_re" with unknown MS VC++:1600

time: Wed Mar 18 13:46:47 2015
elapsed time: 25 seconds

